# JRE version: Java(TM) SE Runtime Environment (8.0-b132) (build 1.8.0-b132)
# Java VM: Java HotSpot(TM) 64-Bit Server VM (25.0-b70 mixed mode windows-amd64 compressed oops)
Heap:
 PSYoungGen      total 23552K, used 22816K [0x000000076ab00000, 0x000000076c580000, 0x00000007c0000000)
  eden space 19968K, 100% used [0x000000076ab00000,0x000000076be80000,0x000000076be80000)
  from space 3584K, 79% used [0x000000076be80000,0x000000076c148000,0x000000076c200000)
  to   space 3584K, 0% used [0x000000076c200000,0x000000076c200000,0x000000076c580000)
 ParOldGen       total 96768K, used 22653K [0x00000006c0000000, 0x00000006c5e80000, 0x000000076ab00000)
  object space 96768K, 23% used [0x00000006c0000000,0x00000006c161f528,0x00000006c5e80000)
 Metaspace       used 6179K, capacity 7064K, committed 7424K, reserved 1056768K
  class space    used 617K, capacity 656K, committed 768K, reserved 1048576K
GC Heap History (10 events):
Event: 1.312 GC heap before
{Heap before GC invocations=13 (full 0):
 PSYoungGen      total 23552K, used 22112K [0x000000076ab00000, 0x000000076c580000, 0x00000007c0000000)
  eden space 19968K, 100% used [0x000000076ab00000,0x000000076be80000,0x000000076be80000)
  from space 3584K, 59% used [0x000000076c200000,0x000000076c418010,0x000000076c580000)
  to   space 3584K, 0% used [0x000000076be80000,0x000000076be80000,0x000000076c200000)
 ParOldGen       total 96768K, used 8703K [0x00000006c0000000, 0x00000006c5e80000, 0x000000076ab00000)
  object space 96768K, 8% used [0x00000006c0000000,0x00000006c087ff90,0x00000006c5e80000)
 Metaspace       used 5976K, capacity 6960K, committed 7040K, reserved 1056768K
  class space    used 597K, capacity 616K, committed 640K, reserved 1048576K
Event: 1.321 GC heap after
Heap after GC invocations=13 (full 0):
 PSYoungGen      total 23552K, used 3488K [0x000000076ab00000, 0x000000076c580000, 0x00000007c0000000)
  eden space 19968K, 0% used [0x000000076ab00000,0x000000076ab00000,0x000000076be80000)
  from space 3584K, 97% used [0x000000076be80000,0x000000076c1e8000,0x000000076c200000)
  to   space 3584K, 0% used [0x000000076c200000,0x000000076c200000,0x000000076c580000)
 ParOldGen       total 96768K, used 10479K [0x00000006c0000000, 0x00000006c5e80000, 0x000000076ab00000)
  object space 96768K, 10% used [0x00000006c0000000,0x00000006c0a3bfa0,0x00000006c5e80000)
 Metaspace       used 5976K, capacity 6960K, committed 7040K, reserved 1056768K
  class space    used 597K, capacity 616K, committed 640K, reserved 1048576K
}
Event: 1.513 GC heap before
{Heap before GC invocations=14 (full 0):
 PSYoungGen      total 23552K, used 23456K [0x000000076ab00000, 0x000000076c580000, 0x00000007c0000000)
  eden space 19968K, 100% used [0x000000076ab00000,0x000000076be80000,0x000000076be80000)
  from space 3584K, 97% used [0x000000076be80000,0x000000076c1e8000,0x000000076c200000)
  to   space 3584K, 0% used [0x000000076c200000,0x000000076c200000,0x000000076c580000)
 ParOldGen       total 96768K, used 10479K [0x00000006c0000000, 0x00000006c5e80000, 0x000000076ab00000)
  object space 96768K, 10% used [0x00000006c0000000,0x00000006c0a3bfa0,0x00000006c5e80000)
 Metaspace       used 6124K, capacity 7064K, committed 7424K, reserved 1056768K
  class space    used 617K, capacity 656K, committed 768K, reserved 1048576K
Event: 1.535 GC heap after
Heap after GC invocations=14 (full 0):
 PSYoungGen      total 23552K, used 2944K [0x000000076ab00000, 0x000000076c580000, 0x00000007c0000000)
  eden space 19968K, 0% used [0x000000076ab00000,0x000000076ab00000,0x000000076be80000)
  from space 3584K, 82% used [0x000000076c200000,0x000000076c4e0010,0x000000076c580000)
  to   space 3584K, 0% used [0x000000076be80000,0x000000076be80000,0x000000076c200000)
 ParOldGen       total 96768K, used 13440K [0x00000006c0000000, 0x00000006c5e80000, 0x000000076ab00000)
  object space 96768K, 13% used [0x00000006c0000000,0x00000006c0d20320,0x00000006c5e80000)
 Metaspace       used 6124K, capacity 7064K, committed 7424K, reserved 1056768K
  class space    used 617K, capacity 656K, committed 768K, reserved 1048576K
}
Event: 1.744 GC heap before
{Heap before GC invocations=15 (full 0):
 PSYoungGen      total 23552K, used 22912K [0x000000076ab00000, 0x000000076c580000, 0x00000007c0000000)
  eden space 19968K, 100% used [0x000000076ab00000,0x000000076be80000,0x000000076be80000)
  from space 3584K, 82% used [0x000000076c200000,0x000000076c4e0010,0x000000076c580000)
  to   space 3584K, 0% used [0x000000076be80000,0x000000076be80000,0x000000076c200000)
 ParOldGen       total 96768K, used 13440K [0x00000006c0000000, 0x00000006c5e80000, 0x000000076ab00000)
  object space 96768K, 13% used [0x00000006c0000000,0x00000006c0d20320,0x00000006c5e80000)
 Metaspace       used 6151K, capacity 7064K, committed 7424K, reserved 1056768K
  class space    used 617K, capacity 656K, committed 768K, reserved 1048576K
Event: 1.758 GC heap after
Heap after GC invocations=15 (full 0):
 PSYoungGen      total 23552K, used 3328K [0x000000076ab00000, 0x000000076c580000, 0x00000007c0000000)
  eden space 19968K, 0% used [0x000000076ab00000,0x000000076ab00000,0x000000076be80000)
  from space 3584K, 92% used [0x000000076be80000,0x000000076c1c0000,0x000000076c200000)
  to   space 3584K, 0% used [0x000000076c200000,0x000000076c200000,0x000000076c580000)
 ParOldGen       total 96768K, used 16098K [0x00000006c0000000, 0x00000006c5e80000, 0x000000076ab00000)
  object space 96768K, 16% used [0x00000006c0000000,0x00000006c0fb8bf8,0x00000006c5e80000)
 Metaspace       used 6151K, capacity 7064K, committed 7424K, reserved 1056768K
  class space    used 617K, capacity 656K, committed 768K, reserved 1048576K
}
Event: 1.862 GC heap before
{Heap before GC invocations=16 (full 0):
 PSYoungGen      total 23552K, used 23296K [0x000000076ab00000, 0x000000076c580000, 0x00000007c0000000)
  eden space 19968K, 100% used [0x000000076ab00000,0x000000076be80000,0x000000076be80000)
  from space 3584K, 92% used [0x000000076be80000,0x000000076c1c0000,0x000000076c200000)
  to   space 3584K, 0% used [0x000000076c200000,0x000000076c200000,0x000000076c580000)
 ParOldGen       total 96768K, used 16098K [0x00000006c0000000, 0x00000006c5e80000, 0x000000076ab00000)
  object space 96768K, 16% used [0x00000006c0000000,0x00000006c0fb8bf8,0x00000006c5e80000)
 Metaspace       used 6169K, capacity 7064K, committed 7424K, reserved 1056768K
  class space    used 617K, capacity 656K, committed 768K, reserved 1048576K
Event: 1.888 GC heap after
Heap after GC invocations=16 (full 0):
 PSYoungGen      total 23552K, used 3584K [0x000000076ab00000, 0x000000076c580000, 0x00000007c0000000)
  eden space 19968K, 0% used [0x000000076ab00000,0x000000076ab00000,0x000000076be80000)
  from space 3584K, 100% used [0x000000076c200000,0x000000076c580000,0x000000076c580000)
  to   space 3584K, 0% used [0x000000076be80000,0x000000076be80000,0x000000076c200000)
 ParOldGen       total 96768K, used 19404K [0x00000006c0000000, 0x00000006c5e80000, 0x000000076ab00000)
  object space 96768K, 20% used [0x00000006c0000000,0x00000006c12f3170,0x00000006c5e80000)
 Metaspace       used 6169K, capacity 7064K, committed 7424K, reserved 1056768K
  class space    used 617K, capacity 656K, committed 768K, reserved 1048576K
}
Event: 2.248 GC heap before
{Heap before GC invocations=17 (full 0):
 PSYoungGen      total 23552K, used 23552K [0x000000076ab00000, 0x000000076c580000, 0x00000007c0000000)
  eden space 19968K, 100% used [0x000000076ab00000,0x000000076be80000,0x000000076be80000)
  from space 3584K, 100% used [0x000000076c200000,0x000000076c580000,0x000000076c580000)
  to   space 3584K, 0% used [0x000000076be80000,0x000000076be80000,0x000000076c200000)
 ParOldGen       total 96768K, used 19404K [0x00000006c0000000, 0x00000006c5e80000, 0x000000076ab00000)
  object space 96768K, 20% used [0x00000006c0000000,0x00000006c12f3170,0x00000006c5e80000)
 Metaspace       used 6177K, capacity 7064K, committed 7424K, reserved 1056768K
  class space    used 617K, capacity 656K, committed 768K, reserved 1048576K
Event: 2.267 GC heap after
Heap after GC invocations=17 (full 0):
 PSYoungGen      total 23552K, used 2848K [0x000000076ab00000, 0x000000076c580000, 0x00000007c0000000)
  eden space 19968K, 0% used [0x000000076ab00000,0x000000076ab00000,0x000000076be80000)
  from space 3584K, 79% used [0x000000076be80000,0x000000076c148000,0x000000076c200000)
  to   space 3584K, 0% used [0x000000076c200000,0x000000076c200000,0x000000076c580000)
 ParOldGen       total 96768K, used 22653K [0x00000006c0000000, 0x00000006c5e80000, 0x000000076ab00000)
  object space 96768K, 23% used [0x00000006c0000000,0x00000006c161f528,0x00000006c5e80000)
 Metaspace       used 6177K, capacity 7064K, committed 7424K, reserved 1056768K
  class space    used 617K, capacity 656K, committed 768K, reserved 1048576K
}

